<?xml version="1.0" encoding="UTF-8"?>
<!-- Generated by org.testng.reporters.JUnitXMLReporter -->
<testsuite hostname="DE-C-W-878" name="Login and Register on FF_LocalHost_W7" tests="3" failures="0" timestamp="17 Nov 2015 20:33:40 GMT" time="25.11" errors="0">
  <testcase name="testFailedLogin" time="3.585" classname="tests.UserLoginTests"/>
  <testcase name="testLogin" time="3.124" classname="tests.UserLoginTests"/>
  <testcase name="testLogoutViaLink" time="7.255" classname="tests.UserLoginTests"/>
</testsuite> <!-- Login and Register on FF_LocalHost_W7 -->
