<?xml version="1.0" encoding="UTF-8"?>
<testng-results skipped="0" failed="0" total="3" passed="3">
  <reporter-output>
  </reporter-output>
  <suite name="init" duration-ms="25110" started-at="2015-11-17T20:33:15Z" finished-at="2015-11-17T20:33:40Z">
    <groups>
    </groups>
    <test name="Login and Register on FF_LocalHost_W7" duration-ms="25110" started-at="2015-11-17T20:33:15Z" finished-at="2015-11-17T20:33:40Z">
      <class name="tests.UserLoginTests">
        <test-method status="PASS" signature="setUpBeforeClass(java.lang.String, java.lang.String)[pri:0, instance:tests.UserLoginTests@6a9a9631]" name="setUpBeforeClass" is-config="true" duration-ms="5652" started-at="2015-11-17T21:33:15Z" finished-at="2015-11-17T21:33:21Z">
          <params>
            <param index="0">
              <value>
                <![CDATA[FF_LocalHost_W7]]>
              </value>
            </param>
            <param index="1">
              <value>
                <![CDATA[login]]>
              </value>
            </param>
          </params>
          <reporter-output>
          </reporter-output>
        </test-method> <!-- setUpBeforeClass -->
        <test-method status="PASS" signature="before()[pri:0, instance:tests.UserLoginTests@6a9a9631]" name="before" is-config="true" duration-ms="2010" started-at="2015-11-17T21:33:21Z" finished-at="2015-11-17T21:33:23Z">
          <reporter-output>
          </reporter-output>
        </test-method> <!-- before -->
        <test-method status="PASS" signature="testFailedLogin()[pri:0, instance:tests.UserLoginTests@6a9a9631]" name="testFailedLogin" duration-ms="3585" started-at="2015-11-17T21:33:23Z" finished-at="2015-11-17T21:33:26Z">
          <reporter-output>
          </reporter-output>
        </test-method> <!-- testFailedLogin -->
        <test-method status="PASS" signature="after()[pri:0, instance:tests.UserLoginTests@6a9a9631]" name="after" is-config="true" duration-ms="13" started-at="2015-11-17T21:33:26Z" finished-at="2015-11-17T21:33:26Z">
          <reporter-output>
          </reporter-output>
        </test-method> <!-- after -->
        <test-method status="PASS" signature="before()[pri:0, instance:tests.UserLoginTests@6a9a9631]" name="before" is-config="true" duration-ms="1555" started-at="2015-11-17T21:33:26Z" finished-at="2015-11-17T21:33:28Z">
          <reporter-output>
          </reporter-output>
        </test-method> <!-- before -->
        <test-method status="PASS" signature="testLogin()[pri:0, instance:tests.UserLoginTests@6a9a9631]" name="testLogin" duration-ms="3124" started-at="2015-11-17T21:33:28Z" finished-at="2015-11-17T21:33:31Z">
          <reporter-output>
          </reporter-output>
        </test-method> <!-- testLogin -->
        <test-method status="PASS" signature="after()[pri:0, instance:tests.UserLoginTests@6a9a9631]" name="after" is-config="true" duration-ms="16" started-at="2015-11-17T21:33:31Z" finished-at="2015-11-17T21:33:31Z">
          <reporter-output>
          </reporter-output>
        </test-method> <!-- after -->
        <test-method status="PASS" signature="before()[pri:0, instance:tests.UserLoginTests@6a9a9631]" name="before" is-config="true" duration-ms="1655" started-at="2015-11-17T21:33:31Z" finished-at="2015-11-17T21:33:33Z">
          <reporter-output>
          </reporter-output>
        </test-method> <!-- before -->
        <test-method status="PASS" signature="testLogoutViaLink()[pri:0, instance:tests.UserLoginTests@6a9a9631]" name="testLogoutViaLink" duration-ms="7255" started-at="2015-11-17T21:33:33Z" finished-at="2015-11-17T21:33:40Z">
          <reporter-output>
          </reporter-output>
        </test-method> <!-- testLogoutViaLink -->
        <test-method status="PASS" signature="after()[pri:0, instance:tests.UserLoginTests@6a9a9631]" name="after" is-config="true" duration-ms="14" started-at="2015-11-17T21:33:40Z" finished-at="2015-11-17T21:33:40Z">
          <reporter-output>
          </reporter-output>
        </test-method> <!-- after -->
        <test-method status="PASS" signature="afterAllIsSaidAndDone()[pri:0, instance:tests.UserLoginTests@6a9a9631]" name="afterAllIsSaidAndDone" is-config="true" duration-ms="209" started-at="2015-11-17T21:33:40Z" finished-at="2015-11-17T21:33:40Z">
          <reporter-output>
          </reporter-output>
        </test-method> <!-- afterAllIsSaidAndDone -->
      </class> <!-- tests.UserLoginTests -->
    </test> <!-- Login and Register on FF_LocalHost_W7 -->
  </suite> <!-- init -->
</testng-results>
